<?xml version="1.0" encoding="UTF-8"?>
<testsuite name="bootcamp.PersonLocatorTests" tests="1" skipped="0" failures="0" errors="0" timestamp="2020-04-06T09:45:22" hostname="Wills-MacBook-Pro.local" time="0.003">
  <properties/>
  <testcase name="finds_person_in_array" classname="bootcamp.PersonLocatorTests" time="0.003"/>
  <system-out><![CDATA[]]></system-out>
  <system-err><![CDATA[]]></system-err>
</testsuite>
