<?xml version="1.0" encoding="UTF-8"?>
<testsuite name="bootcamp.process.calculator.CalculatorTests" tests="6" skipped="0" failures="0" errors="0" timestamp="2020-04-07T11:22:18" hostname="Jamess-MacBook-Pro.local" time="0.029">
  <properties/>
  <testcase name="calculateAddition" classname="bootcamp.process.calculator.CalculatorTests" time="0.017"/>
  <testcase name="calculateMultiplication" classname="bootcamp.process.calculator.CalculatorTests" time="0.002"/>
  <testcase name="testIncorrectOperatorStatus" classname="bootcamp.process.calculator.CalculatorTests" time="0.0"/>
  <testcase name="calculateDivision" classname="bootcamp.process.calculator.CalculatorTests" time="0.002"/>
  <testcase name="testArithmeticExceptionStatus" classname="bootcamp.process.calculator.CalculatorTests" time="0.001"/>
  <testcase name="calculateSubtraction" classname="bootcamp.process.calculator.CalculatorTests" time="0.003"/>
  <system-out><![CDATA[]]></system-out>
  <system-err><![CDATA[]]></system-err>
</testsuite>
